2021-07-03 12:15:44,165 [Worker-4: Loading available Gradle versions] INFO  o.e.b.c.i.u.g.PublishedGradleVersions - Gradle version information cache is up-to-date. Trying to read.
2021-07-03 12:16:07,260 [Worker-2: Building] INFO  o.e.m.c.i.l.LifecycleMappingFactory - Using org.eclipse.m2e.jdt.JarLifecycleMapping lifecycle mapping for MavenProject: com.packtracker:PackTrackerBackEnd:0.0.1-SNAPSHOT @ C:\Users\igluk\PackTrackerApp\PackTrackerProject\PackTrackerWebParent\PackTrackerBackEnd\pom.xml.
2021-07-03 12:16:08,368 [Worker-2: Building] INFO  o.e.m.c.i.embedder.EclipseLogger - Using 'UTF-8' encoding to copy filtered resources.
2021-07-03 12:16:08,370 [Worker-2: Building] INFO  o.e.m.c.i.embedder.EclipseLogger - Using 'UTF-8' encoding to copy filtered properties files.
2021-07-03 12:16:08,384 [Worker-2: Building] INFO  o.e.m.c.i.embedder.EclipseLogger - Copying 1 resource
2021-07-03 12:16:08,414 [Worker-2: Building] INFO  o.e.m.c.i.embedder.EclipseLogger - Copying 1 resource
2021-07-03 12:16:08,432 [Worker-2: Building] INFO  o.e.m.c.i.embedder.EclipseLogger - Using 'UTF-8' encoding to copy filtered resources.
2021-07-03 12:16:08,432 [Worker-2: Building] INFO  o.e.m.c.i.embedder.EclipseLogger - Using 'UTF-8' encoding to copy filtered properties files.
2021-07-03 12:16:08,432 [Worker-2: Building] INFO  o.e.m.c.i.embedder.EclipseLogger - skip non existing resourceDirectory C:\Users\igluk\PackTrackerApp\PackTrackerProject\PackTrackerWebParent\PackTrackerBackEnd\src\test\resources
2021-07-03 12:16:08,633 [Worker-1: Updating Maven Dependencies] INFO  o.e.m.c.i.l.LifecycleMappingFactory - Using org.eclipse.m2e.jdt.JarLifecycleMapping lifecycle mapping for MavenProject: com.packtracker:PackTrackerCommon:0.0.1-SNAPSHOT @ C:\Users\igluk\PackTrackerApp\PackTrackerProject\PackTrackerCommon\pom.xml.
2021-07-03 12:16:08,893 [Worker-2: Building] INFO  o.e.m.c.i.l.LifecycleMappingFactory - Using org.eclipse.m2e.jdt.JarLifecycleMapping lifecycle mapping for MavenProject: com.packtracker:PackTrackerCommon:0.0.1-SNAPSHOT @ C:\Users\igluk\PackTrackerApp\PackTrackerProject\PackTrackerCommon\pom.xml.
2021-07-03 12:16:09,400 [Worker-2: Building] INFO  o.e.m.c.i.embedder.EclipseLogger - Using 'UTF-8' encoding to copy filtered resources.
2021-07-03 12:16:09,401 [Worker-2: Building] INFO  o.e.m.c.i.embedder.EclipseLogger - Using 'UTF-8' encoding to copy filtered properties files.
2021-07-03 12:16:09,401 [Worker-2: Building] INFO  o.e.m.c.i.embedder.EclipseLogger - Copying 1 resource
2021-07-03 12:16:09,403 [Worker-2: Building] INFO  o.e.m.c.i.embedder.EclipseLogger - Copying 0 resource
2021-07-03 12:16:09,406 [Worker-2: Building] INFO  o.e.m.c.i.embedder.EclipseLogger - Using 'UTF-8' encoding to copy filtered resources.
2021-07-03 12:16:09,406 [Worker-2: Building] INFO  o.e.m.c.i.embedder.EclipseLogger - Using 'UTF-8' encoding to copy filtered properties files.
2021-07-03 12:16:09,406 [Worker-2: Building] INFO  o.e.m.c.i.embedder.EclipseLogger - skip non existing resourceDirectory C:\Users\igluk\PackTrackerApp\PackTrackerProject\PackTrackerCommon\src\test\resources
2021-07-03 12:16:10,282 [Worker-2: Building] INFO  o.e.m.c.i.embedder.EclipseLogger - Using 'UTF-8' encoding to copy filtered resources.
2021-07-03 12:16:10,283 [Worker-2: Building] INFO  o.e.m.c.i.embedder.EclipseLogger - Using 'UTF-8' encoding to copy filtered properties files.
2021-07-03 12:16:10,286 [Worker-2: Building] INFO  o.e.m.c.i.embedder.EclipseLogger - Copying 1 resource
2021-07-03 12:16:10,289 [Worker-2: Building] INFO  o.e.m.c.i.embedder.EclipseLogger - Copying 1 resource
2021-07-03 12:16:10,296 [Worker-2: Building] INFO  o.e.m.c.i.embedder.EclipseLogger - Using 'UTF-8' encoding to copy filtered resources.
2021-07-03 12:16:10,296 [Worker-2: Building] INFO  o.e.m.c.i.embedder.EclipseLogger - Using 'UTF-8' encoding to copy filtered properties files.
2021-07-03 12:16:10,296 [Worker-2: Building] INFO  o.e.m.c.i.embedder.EclipseLogger - skip non existing resourceDirectory C:\Users\igluk\PackTrackerApp\PackTrackerProject\PackTrackerWebParent\PackTrackerBackEnd\src\test\resources
2021-07-03 12:16:10,603 [Worker-2: Building] INFO  o.e.m.c.i.embedder.EclipseLogger - Using 'UTF-8' encoding to copy filtered resources.
2021-07-03 12:16:10,603 [Worker-2: Building] INFO  o.e.m.c.i.embedder.EclipseLogger - Using 'UTF-8' encoding to copy filtered properties files.
2021-07-03 12:16:10,605 [Worker-2: Building] INFO  o.e.m.c.i.embedder.EclipseLogger - Copying 1 resource
2021-07-03 12:16:10,608 [Worker-2: Building] INFO  o.e.m.c.i.embedder.EclipseLogger - Copying 0 resource
2021-07-03 12:16:10,610 [Worker-2: Building] INFO  o.e.m.c.i.embedder.EclipseLogger - Using 'UTF-8' encoding to copy filtered resources.
2021-07-03 12:16:10,610 [Worker-2: Building] INFO  o.e.m.c.i.embedder.EclipseLogger - Using 'UTF-8' encoding to copy filtered properties files.
2021-07-03 12:16:10,610 [Worker-2: Building] INFO  o.e.m.c.i.embedder.EclipseLogger - skip non existing resourceDirectory C:\Users\igluk\PackTrackerApp\PackTrackerProject\PackTrackerCommon\src\test\resources
2021-07-03 12:16:11,183 [Worker-2: Building] INFO  o.e.m.c.i.l.LifecycleMappingFactory - Using org.eclipse.m2e.jdt.JarLifecycleMapping lifecycle mapping for MavenProject: com.packtracker:PackTrackerFrontEnd:0.0.1-SNAPSHOT @ C:\Users\igluk\PackTrackerApp\PackTrackerProject\PackTrackerWebParent\PackTrackerFrontEnd\pom.xml.
2021-07-03 12:16:11,576 [Worker-2: Building] INFO  o.e.m.c.i.embedder.EclipseLogger - Using 'UTF-8' encoding to copy filtered resources.
2021-07-03 12:16:11,576 [Worker-2: Building] INFO  o.e.m.c.i.embedder.EclipseLogger - Using 'UTF-8' encoding to copy filtered properties files.
2021-07-03 12:16:11,576 [Worker-2: Building] INFO  o.e.m.c.i.embedder.EclipseLogger - Copying 1 resource
2021-07-03 12:16:11,588 [Worker-2: Building] INFO  o.e.m.c.i.embedder.EclipseLogger - Copying 1 resource
2021-07-03 12:16:11,601 [Worker-2: Building] INFO  o.e.m.c.i.embedder.EclipseLogger - Using 'UTF-8' encoding to copy filtered resources.
2021-07-03 12:16:11,601 [Worker-2: Building] INFO  o.e.m.c.i.embedder.EclipseLogger - Using 'UTF-8' encoding to copy filtered properties files.
2021-07-03 12:16:11,601 [Worker-2: Building] INFO  o.e.m.c.i.embedder.EclipseLogger - skip non existing resourceDirectory C:\Users\igluk\PackTrackerApp\PackTrackerProject\PackTrackerWebParent\PackTrackerFrontEnd\src\test\resources
2021-07-03 12:16:12,441 [Worker-2: Building] INFO  o.e.m.c.i.l.LifecycleMappingFactory - Using org.eclipse.m2e.jdt.JarLifecycleMapping lifecycle mapping for MavenProject: com.packtracker:PackTrackerBackEnd:0.0.1-SNAPSHOT @ C:\Users\igluk\PackTrackerApp\PackTrackerProject\PackTrackerWebParent\PackTrackerBackEnd\pom.xml.
2021-07-03 12:16:12,779 [Worker-2: Building] INFO  o.e.m.c.i.l.LifecycleMappingFactory - Using org.eclipse.m2e.jdt.JarLifecycleMapping lifecycle mapping for MavenProject: com.packtracker:PackTrackerFrontEnd:0.0.1-SNAPSHOT @ C:\Users\igluk\PackTrackerApp\PackTrackerProject\PackTrackerWebParent\PackTrackerFrontEnd\pom.xml.
2021-07-03 12:16:12,806 [Worker-2: Building] INFO  o.e.m.c.i.l.LifecycleMappingFactory - Using NULL lifecycle mapping for MavenProject: com.packtracker:PackTrackerWebParent:0.0.1-SNAPSHOT @ C:\Users\igluk\PackTrackerApp\PackTrackerProject\PackTrackerWebParent\pom.xml.
2021-07-03 12:16:13,104 [Worker-2: Building] INFO  o.e.m.c.i.l.LifecycleMappingFactory - Using org.eclipse.m2e.jdt.JarLifecycleMapping lifecycle mapping for MavenProject: com.packtracker:PackTrackerBackEnd:0.0.1-SNAPSHOT @ C:\Users\igluk\PackTrackerApp\PackTrackerProject\PackTrackerWebParent\PackTrackerBackEnd\pom.xml.
2021-07-03 12:16:13,437 [Worker-2: Building] INFO  o.e.m.c.i.l.LifecycleMappingFactory - Using org.eclipse.m2e.jdt.JarLifecycleMapping lifecycle mapping for MavenProject: com.packtracker:PackTrackerFrontEnd:0.0.1-SNAPSHOT @ C:\Users\igluk\PackTrackerApp\PackTrackerProject\PackTrackerWebParent\PackTrackerFrontEnd\pom.xml.
2021-07-03 12:16:15,209 [Worker-9: Updating Maven Dependencies] INFO  o.e.m.c.i.l.LifecycleMappingFactory - Using org.eclipse.m2e.jdt.JarLifecycleMapping lifecycle mapping for MavenProject: com.packtracker:PackTrackerCommon:0.0.1-SNAPSHOT @ C:\Users\igluk\PackTrackerApp\PackTrackerProject\PackTrackerCommon\pom.xml.
2021-07-03 12:16:15,617 [Worker-8: Building] INFO  o.e.m.c.i.embedder.EclipseLogger - Using 'UTF-8' encoding to copy filtered resources.
2021-07-03 12:16:15,618 [Worker-8: Building] INFO  o.e.m.c.i.embedder.EclipseLogger - Using 'UTF-8' encoding to copy filtered properties files.
2021-07-03 12:16:15,621 [Worker-8: Building] INFO  o.e.m.c.i.embedder.EclipseLogger - Copying 0 resource
2021-07-03 12:16:15,621 [Worker-8: Building] INFO  o.e.m.c.i.embedder.EclipseLogger - Copying 0 resource
2021-07-03 12:16:15,624 [Worker-8: Building] INFO  o.e.m.c.i.embedder.EclipseLogger - Using 'UTF-8' encoding to copy filtered resources.
2021-07-03 12:16:15,624 [Worker-8: Building] INFO  o.e.m.c.i.embedder.EclipseLogger - Using 'UTF-8' encoding to copy filtered properties files.
2021-07-03 12:16:15,625 [Worker-8: Building] INFO  o.e.m.c.i.embedder.EclipseLogger - skip non existing resourceDirectory C:\Users\igluk\PackTrackerApp\PackTrackerProject\PackTrackerWebParent\PackTrackerBackEnd\src\test\resources
2021-07-03 12:16:16,245 [Worker-1: Building] INFO  o.e.m.c.i.embedder.EclipseLogger - Using 'UTF-8' encoding to copy filtered resources.
2021-07-03 12:16:16,245 [Worker-1: Building] INFO  o.e.m.c.i.embedder.EclipseLogger - Using 'UTF-8' encoding to copy filtered properties files.
2021-07-03 12:16:16,246 [Worker-1: Building] INFO  o.e.m.c.i.embedder.EclipseLogger - Copying 0 resource
2021-07-03 12:16:16,246 [Worker-1: Building] INFO  o.e.m.c.i.embedder.EclipseLogger - Copying 0 resource
2021-07-03 12:16:16,248 [Worker-1: Building] INFO  o.e.m.c.i.embedder.EclipseLogger - Using 'UTF-8' encoding to copy filtered resources.
2021-07-03 12:16:16,248 [Worker-1: Building] INFO  o.e.m.c.i.embedder.EclipseLogger - Using 'UTF-8' encoding to copy filtered properties files.
2021-07-03 12:16:16,249 [Worker-1: Building] INFO  o.e.m.c.i.embedder.EclipseLogger - skip non existing resourceDirectory C:\Users\igluk\PackTrackerApp\PackTrackerProject\PackTrackerCommon\src\test\resources
2021-07-03 12:16:16,602 [Worker-1: Building] INFO  o.e.m.c.i.embedder.EclipseLogger - Using 'UTF-8' encoding to copy filtered resources.
2021-07-03 12:16:16,602 [Worker-1: Building] INFO  o.e.m.c.i.embedder.EclipseLogger - Using 'UTF-8' encoding to copy filtered properties files.
2021-07-03 12:16:16,602 [Worker-1: Building] INFO  o.e.m.c.i.embedder.EclipseLogger - Copying 1 resource
2021-07-03 12:16:16,612 [Worker-1: Building] INFO  o.e.m.c.i.embedder.EclipseLogger - Copying 1 resource
2021-07-03 12:16:16,619 [Worker-1: Building] INFO  o.e.m.c.i.embedder.EclipseLogger - Using 'UTF-8' encoding to copy filtered resources.
2021-07-03 12:16:16,619 [Worker-1: Building] INFO  o.e.m.c.i.embedder.EclipseLogger - Using 'UTF-8' encoding to copy filtered properties files.
2021-07-03 12:16:16,620 [Worker-1: Building] INFO  o.e.m.c.i.embedder.EclipseLogger - skip non existing resourceDirectory C:\Users\igluk\PackTrackerApp\PackTrackerProject\PackTrackerWebParent\PackTrackerFrontEnd\src\test\resources
2021-07-03 12:23:10,456 [Worker-12: Building] INFO  o.e.m.c.i.embedder.EclipseLogger - Using 'UTF-8' encoding to copy filtered resources.
2021-07-03 12:23:10,457 [Worker-12: Building] INFO  o.e.m.c.i.embedder.EclipseLogger - Using 'UTF-8' encoding to copy filtered properties files.
2021-07-03 12:23:10,458 [Worker-12: Building] INFO  o.e.m.c.i.embedder.EclipseLogger - Copying 1 resource
2021-07-03 12:23:10,467 [Worker-12: Building] INFO  o.e.m.c.i.embedder.EclipseLogger - Copying 1 resource
2021-07-03 12:23:10,469 [Worker-12: Building] INFO  o.e.m.c.i.embedder.EclipseLogger - Using 'UTF-8' encoding to copy filtered resources.
2021-07-03 12:23:10,469 [Worker-12: Building] INFO  o.e.m.c.i.embedder.EclipseLogger - Using 'UTF-8' encoding to copy filtered properties files.
2021-07-03 12:23:10,469 [Worker-12: Building] INFO  o.e.m.c.i.embedder.EclipseLogger - skip non existing resourceDirectory C:\Users\igluk\PackTrackerApp\PackTrackerProject\PackTrackerWebParent\PackTrackerFrontEnd\src\test\resources
2021-07-03 12:40:39,797 [Worker-0: Loading available Gradle versions] INFO  o.e.b.c.i.u.g.PublishedGradleVersions - Gradle version information cache is up-to-date. Trying to read.
